<?xml version="1.0" encoding="UTF-8"?>
<!-- Generated by org.testng.reporters.JUnitReportReporter -->
<testsuite hostname="LAPTOP-077COGF2" failures="0" tests="1" name="learning.SumValidation" time="3.112" errors="0" timestamp="2022-03-11T11:51:53 GMT" skipped="0">
  <testcase classname="learning.SumValidation" name="sumOfCourses" time="3.112"/>
  <system-out/>
</testsuite> <!-- learning.SumValidation -->
